
> product-scanner-mobile@1.0.0 ios
> node --max-old-space-size=4096 node_modules/.bin/expo start --ios

Starting project at /Users/seriyyah/Projects/product-scanner-mobile/product-scanner-mobile
Starting Metro Bundler
› Opening exp://192.168.1.105:8081 on iPhone 17 Pro
Waiting on http://localhost:8081
Logs for your project will appear below.
iOS Bundling complete 17215ms
 WARN  (ADVICE) View #123 of type ABI49_0_0RCTView has a shadow set but cannot calculate shadow efficiently. Consider setting a background color to fix this, or apply the shadow to a more specific component.
 ERROR  TypeError: Cannot read property 'bold' of undefined

This error is located at:
    in HeaderTitle (created by Header)
    in RCTView (created by View)
    in View
    in Unknown (created by Header)
    in RCTView (created by View)
    in View (created by Header)
    in RCTView (created by View)
    in View
    in Unknown (created by Header)
    in Header (created by BottomTabView)
    in RCTView (created by View)
    in View (created by Screen)
    in RCTView (created by View)
    in View
    in Unknown (created by Background)
    in Background (created by Screen)
    in Screen (created by BottomTabView)
    in RNSScreen
    in Unknown (created by InnerScreen)
    in Suspender (created by Freeze)
    in Suspense (created by Freeze)
    in Freeze (created by DelayedFreeze)
    in DelayedFreeze (created by InnerScreen)
    in InnerScreen (created by Screen)
    in Screen (created by MaybeScreen)
    in MaybeScreen (created by BottomTabView)
    in RNSScreenNavigationContainer (created by ScreenContainer)
    in ScreenContainer (created by MaybeScreenContainer)
    in MaybeScreenContainer (created by BottomTabView)
    in FrameSizeProvider (created by SafeAreaProviderCompat)
    in RCTView (created by View)
    in View (created by SafeAreaProviderCompat)
    in SafeAreaProviderCompat (created by BottomTabView)
    in BottomTabView (created by BottomTabNavigator)
    in PreventRemoveProvider (created by NavigationContent)
    in NavigationStateListenerProvider (created by NavigationContent)
    in NavigationContent
    in Unknown (created by BottomTabNavigator)
    in BottomTabNavigator (created by MainNavigator)
    in MainNavigator (created by SceneView)
    in StaticContainer
    in EnsureSingleNavigator (created by SceneView)
    in SceneView (created by StackNavigator)
    in RCTView (created by View)
    in View (created by CardContainerInner)
    in RCTView (created by View)
    in View (created by CardContainerInner)
    in RCTView (created by View)
    in View (created by CardContent)
    in CardContent (created by Card)
    in RCTView (created by View)
    in View
    in Unknown (created by PanGestureHandler)
    in PanGestureHandler (created by PanGestureHandler)
    in PanGestureHandler (created by Card)
    in RCTView (created by View)
    in View
    in Unknown (created by Card)
    in Card (created by CardContainerInner)
    in RCTView (created by View)
    in View (created by CardA11yWrapper)
    in CardA11yWrapper (created by CardContainerInner)
    in CardContainerInner (created by CardStack)
    in RNSScreen
    in Unknown (created by InnerScreen)
    in Suspender (created by Freeze)
    in Suspense (created by Freeze)
    in Freeze (created by DelayedFreeze)
    in DelayedFreeze (created by InnerScreen)
    in InnerScreen (created by Screen)
    in Screen (created by MaybeScreen)
    in MaybeScreen (created by CardStack)
    in RNSScreenContainer (created by ScreenContainer)
    in ScreenContainer (created by MaybeScreenContainer)
    in MaybeScreenContainer (created by CardStack)
    in RCTView (created by View)
    in View (created by CardStack)
    in CardStack (created by HeaderShownContext)
    in FrameSizeProviderInner (created by FrameSizeProvider)
    in FrameSizeProvider (created by SafeAreaProviderCompat)
    in RNCSafeAreaProvider (created by SafeAreaProvider)
    in SafeAreaProvider (created by SafeAreaProviderCompat)
    in SafeAreaProviderCompat (created by StackView)
    in RCTView (created by View)
    in View (created by GestureHandlerRootView)
    in GestureHandlerRootView (created by StackView)
    in StackView (created by StackNavigator)
    in PreventRemoveProvider (created by NavigationContent)
    in NavigationStateListenerProvider (created by NavigationContent)
    in NavigationContent
    in Unknown (created by StackNavigator)
    in StackNavigator (created by RootNavigator)
    in RootNavigator (created by AppNavigator)
    in ThemeProvider
    in EnsureSingleNavigator
    in BaseNavigationContainer
    in NavigationContainerInner (created by AppNavigator)
    in AppNavigator (created by App)
    in AuthProvider (created by App)
    in ErrorBoundary (created by App)
    in App (created by withDevTools(App))
    in withDevTools(App)
    in RCTView (created by View)
    in View (created by AppContainer)
    in RCTView (created by View)
    in View (created by AppContainer)
    in AppContainer
    in main(RootComponent), js engine: hermes
 ERROR  App Error: [TypeError: Cannot read property 'bold' of undefined] {"componentStack": "
    in HeaderTitle (created by Header)
    in RCTView (created by View)
    in View
    in Unknown (created by Header)
    in RCTView (created by View)
    in View (created by Header)
    in RCTView (created by View)
    in View
    in Unknown (created by Header)
    in Header (created by BottomTabView)
    in RCTView (created by View)
    in View (created by Screen)
    in RCTView (created by View)
    in View
    in Unknown (created by Background)
    in Background (created by Screen)
    in Screen (created by BottomTabView)
    in RNSScreen
    in Unknown (created by InnerScreen)
    in Suspender (created by Freeze)
    in Suspense (created by Freeze)
    in Freeze (created by DelayedFreeze)
    in DelayedFreeze (created by InnerScreen)
    in InnerScreen (created by Screen)
    in Screen (created by MaybeScreen)
    in MaybeScreen (created by BottomTabView)
    in RNSScreenNavigationContainer (created by ScreenContainer)
    in ScreenContainer (created by MaybeScreenContainer)
    in MaybeScreenContainer (created by BottomTabView)
    in FrameSizeProvider (created by SafeAreaProviderCompat)
    in RCTView (created by View)
    in View (created by SafeAreaProviderCompat)
    in SafeAreaProviderCompat (created by BottomTabView)
    in BottomTabView (created by BottomTabNavigator)
    in PreventRemoveProvider (created by NavigationContent)
    in NavigationStateListenerProvider (created by NavigationContent)
    in NavigationContent
    in Unknown (created by BottomTabNavigator)
    in BottomTabNavigator (created by MainNavigator)
    in MainNavigator (created by SceneView)
    in StaticContainer
    in EnsureSingleNavigator (created by SceneView)
    in SceneView (created by StackNavigator)
    in RCTView (created by View)
    in View (created by CardContainerInner)
    in RCTView (created by View)
    in View (created by CardContainerInner)
    in RCTView (created by View)
    in View (created by CardContent)
    in CardContent (created by Card)
    in RCTView (created by View)
    in View
    in Unknown (created by PanGestureHandler)
    in PanGestureHandler (created by PanGestureHandler)
    in PanGestureHandler (created by Card)
    in RCTView (created by View)
    in View
    in Unknown (created by Card)
    in Card (created by CardContainerInner)
    in RCTView (created by View)
    in View (created by CardA11yWrapper)
    in CardA11yWrapper (created by CardContainerInner)
    in CardContainerInner (created by CardStack)
    in RNSScreen
    in Unknown (created by InnerScreen)
    in Suspender (created by Freeze)
    in Suspense (created by Freeze)
    in Freeze (created by DelayedFreeze)
    in DelayedFreeze (created by InnerScreen)
    in InnerScreen (created by Screen)
    in Screen (created by MaybeScreen)
    in MaybeScreen (created by CardStack)
    in RNSScreenContainer (created by ScreenContainer)
    in ScreenContainer (created by MaybeScreenContainer)
    in MaybeScreenContainer (created by CardStack)
    in RCTView (created by View)
    in View (created by CardStack)
    in CardStack (created by HeaderShownContext)
    in FrameSizeProviderInner (created by FrameSizeProvider)
    in FrameSizeProvider (created by SafeAreaProviderCompat)
    in RNCSafeAreaProvider (created by SafeAreaProvider)
    in SafeAreaProvider (created by SafeAreaProviderCompat)
    in SafeAreaProviderCompat (created by StackView)
    in RCTView (created by View)
    in View (created by GestureHandlerRootView)
    in GestureHandlerRootView (created by StackView)
    in StackView (created by StackNavigator)
    in PreventRemoveProvider (created by NavigationContent)
    in NavigationStateListenerProvider (created by NavigationContent)
    in NavigationContent
    in Unknown (created by StackNavigator)
    in StackNavigator (created by RootNavigator)
    in RootNavigator (created by AppNavigator)
    in ThemeProvider
    in EnsureSingleNavigator
    in BaseNavigationContainer
    in NavigationContainerInner (created by AppNavigator)
    in AppNavigator (created by App)
    in AuthProvider (created by App)
    in ErrorBoundary (created by App)
    in App (created by withDevTools(App))
    in withDevTools(App)
    in RCTView (created by View)
    in View (created by AppContainer)
    in RCTView (created by View)
    in View (created by AppContainer)
    in AppContainer
    in main(RootComponent)"} 
    at ErrorBoundary (http://192.168.1.105:8081/node_modules/expo/AppEntry.bundle//&platform=ios&dev=true&hot=false&lazy=true:129117:36)
    at App
    at withDevTools(App) (http://192.168.1.105:8081/node_modules/expo/AppEntry.bundle//&platform=ios&dev=true&hot=false&lazy=true:128738:27)
    at RCTView
    at View (http://192.168.1.105:8081/node_modules/expo/AppEntry.bundle//&platform=ios&dev=true&hot=false&lazy=true:62831:43)
    at RCTView
    at View (http://192.168.1.105:8081/node_modules/expo/AppEntry.bundle//&platform=ios&dev=true&hot=false&lazy=true:62831:43)
    at AppContainer (http://192.168.1.105:8081/node_modules/expo/AppEntry.bundle//&platform=ios&dev=true&hot=false&lazy=true:62672:36)
    at main(RootComponent) (http://192.168.1.105:8081/node_modules/expo/AppEntry.bundle//&platform=ios&dev=true&hot=false&lazy=true:108625:28)
 ERROR  TypeError: Cannot read property 'medium' of undefined

This error is located at:
    in BottomTabItem (created by BottomTabBar)
    in RCTView (created by View)
    in View (created by BottomTabBar)
    in RCTView (created by View)
    in View
    in Unknown (created by BottomTabBar)
    in BottomTabBar (created by SafeAreaInsetsContext)
    in FrameSizeProvider (created by SafeAreaProviderCompat)
    in RCTView (created by View)
    in View (created by SafeAreaProviderCompat)
    in SafeAreaProviderCompat (created by BottomTabView)
    in BottomTabView (created by BottomTabNavigator)
    in PreventRemoveProvider (created by NavigationContent)
    in NavigationStateListenerProvider (created by NavigationContent)
    in NavigationContent
    in Unknown (created by BottomTabNavigator)
    in BottomTabNavigator (created by MainNavigator)
    in MainNavigator (created by SceneView)
    in StaticContainer
    in EnsureSingleNavigator (created by SceneView)
    in SceneView (created by StackNavigator)
    in RCTView (created by View)
    in View (created by CardContainerInner)
    in RCTView (created by View)
    in View (created by CardContainerInner)
    in RCTView (created by View)
    in View (created by CardContent)
    in CardContent (created by Card)
    in RCTView (created by View)
    in View
    in Unknown (created by PanGestureHandler)
    in PanGestureHandler (created by PanGestureHandler)
    in PanGestureHandler (created by Card)
    in RCTView (created by View)
    in View
    in Unknown (created by Card)
    in Card (created by CardContainerInner)
    in RCTView (created by View)
    in View (created by CardA11yWrapper)
    in CardA11yWrapper (created by CardContainerInner)
    in CardContainerInner (created by CardStack)
    in RNSScreen
    in Unknown (created by InnerScreen)
    in Suspender (created by Freeze)
    in Suspense (created by Freeze)
    in Freeze (created by DelayedFreeze)
    in DelayedFreeze (created by InnerScreen)
    in InnerScreen (created by Screen)
    in Screen (created by MaybeScreen)
    in MaybeScreen (created by CardStack)
    in RNSScreenContainer (created by ScreenContainer)
    in ScreenContainer (created by MaybeScreenContainer)
    in MaybeScreenContainer (created by CardStack)
    in RCTView (created by View)
    in View (created by CardStack)
    in CardStack (created by HeaderShownContext)
    in FrameSizeProviderInner (created by FrameSizeProvider)
    in FrameSizeProvider (created by SafeAreaProviderCompat)
    in RNCSafeAreaProvider (created by SafeAreaProvider)
    in SafeAreaProvider (created by SafeAreaProviderCompat)
    in SafeAreaProviderCompat (created by StackView)
    in RCTView (created by View)
    in View (created by GestureHandlerRootView)
    in GestureHandlerRootView (created by StackView)
    in StackView (created by StackNavigator)
    in PreventRemoveProvider (created by NavigationContent)
    in NavigationStateListenerProvider (created by NavigationContent)
    in NavigationContent
    in Unknown (created by StackNavigator)
    in StackNavigator (created by RootNavigator)
    in RootNavigator (created by AppNavigator)
    in ThemeProvider
    in EnsureSingleNavigator
    in BaseNavigationContainer
    in NavigationContainerInner (created by AppNavigator)
    in AppNavigator (created by App)
    in AuthProvider (created by App)
    in ErrorBoundary (created by App)
    in App (created by withDevTools(App))
    in withDevTools(App)
    in RCTView (created by View)
    in View (created by AppContainer)
    in RCTView (created by View)
    in View (created by AppContainer)
    in AppContainer
    in main(RootComponent), js engine: hermes
 ERROR  App Error: [TypeError: Cannot read property 'medium' of undefined] {"componentStack": "
    in BottomTabItem (created by BottomTabBar)
    in RCTView (created by View)
    in View (created by BottomTabBar)
    in RCTView (created by View)
    in View
    in Unknown (created by BottomTabBar)
    in BottomTabBar (created by SafeAreaInsetsContext)
    in FrameSizeProvider (created by SafeAreaProviderCompat)
    in RCTView (created by View)
    in View (created by SafeAreaProviderCompat)
    in SafeAreaProviderCompat (created by BottomTabView)
    in BottomTabView (created by BottomTabNavigator)
    in PreventRemoveProvider (created by NavigationContent)
    in NavigationStateListenerProvider (created by NavigationContent)
    in NavigationContent
    in Unknown (created by BottomTabNavigator)
    in BottomTabNavigator (created by MainNavigator)
    in MainNavigator (created by SceneView)
    in StaticContainer
    in EnsureSingleNavigator (created by SceneView)
    in SceneView (created by StackNavigator)
    in RCTView (created by View)
    in View (created by CardContainerInner)
    in RCTView (created by View)
    in View (created by CardContainerInner)
    in RCTView (created by View)
    in View (created by CardContent)
    in CardContent (created by Card)
    in RCTView (created by View)
    in View
    in Unknown (created by PanGestureHandler)
    in PanGestureHandler (created by PanGestureHandler)
    in PanGestureHandler (created by Card)
    in RCTView (created by View)
    in View
    in Unknown (created by Card)
    in Card (created by CardContainerInner)
    in RCTView (created by View)
    in View (created by CardA11yWrapper)
    in CardA11yWrapper (created by CardContainerInner)
    in CardContainerInner (created by CardStack)
    in RNSScreen
    in Unknown (created by InnerScreen)
    in Suspender (created by Freeze)
    in Suspense (created by Freeze)
    in Freeze (created by DelayedFreeze)
    in DelayedFreeze (created by InnerScreen)
    in InnerScreen (created by Screen)
    in Screen (created by MaybeScreen)
    in MaybeScreen (created by CardStack)
    in RNSScreenContainer (created by ScreenContainer)
    in ScreenContainer (created by MaybeScreenContainer)
    in MaybeScreenContainer (created by CardStack)
    in RCTView (created by View)
    in View (created by CardStack)
    in CardStack (created by HeaderShownContext)
    in FrameSizeProviderInner (created by FrameSizeProvider)
    in FrameSizeProvider (created by SafeAreaProviderCompat)
    in RNCSafeAreaProvider (created by SafeAreaProvider)
    in SafeAreaProvider (created by SafeAreaProviderCompat)
    in SafeAreaProviderCompat (created by StackView)
    in RCTView (created by View)
    in View (created by GestureHandlerRootView)
    in GestureHandlerRootView (created by StackView)
    in StackView (created by StackNavigator)
    in PreventRemoveProvider (created by NavigationContent)
    in NavigationStateListenerProvider (created by NavigationContent)
    in NavigationContent
    in Unknown (created by StackNavigator)
    in StackNavigator (created by RootNavigator)
    in RootNavigator (created by AppNavigator)
    in ThemeProvider
    in EnsureSingleNavigator
    in BaseNavigationContainer
    in NavigationContainerInner (created by AppNavigator)
    in AppNavigator (created by App)
    in AuthProvider (created by App)
    in ErrorBoundary (created by App)
    in App (created by withDevTools(App))
    in withDevTools(App)
    in RCTView (created by View)
    in View (created by AppContainer)
    in RCTView (created by View)
    in View (created by AppContainer)
    in AppContainer
    in main(RootComponent)"} 
    at ErrorBoundary (http://192.168.1.105:8081/node_modules/expo/AppEntry.bundle//&platform=ios&dev=true&hot=false&lazy=true:129117:36)
    at App
    at withDevTools(App) (http://192.168.1.105:8081/node_modules/expo/AppEntry.bundle//&platform=ios&dev=true&hot=false&lazy=true:128738:27)
    at RCTView
    at View (http://192.168.1.105:8081/node_modules/expo/AppEntry.bundle//&platform=ios&dev=true&hot=false&lazy=true:62831:43)
    at RCTView
    at View (http://192.168.1.105:8081/node_modules/expo/AppEntry.bundle//&platform=ios&dev=true&hot=false&lazy=true:62831:43)
    at AppContainer (http://192.168.1.105:8081/node_modules/expo/AppEntry.bundle//&platform=ios&dev=true&hot=false&lazy=true:62672:36)
    at main(RootComponent) (http://192.168.1.105:8081/node_modules/expo/AppEntry.bundle//&platform=ios&dev=true&hot=false&lazy=true:108625:28)
 ERROR  TypeError: Cannot read property 'medium' of undefined

This error is located at:
    in BottomTabItem (created by BottomTabBar)
    in RCTView (created by View)
    in View (created by BottomTabBar)
    in RCTView (created by View)
    in View
    in Unknown (created by BottomTabBar)
    in BottomTabBar (created by SafeAreaInsetsContext)
    in FrameSizeProvider (created by SafeAreaProviderCompat)
    in RCTView (created by View)
    in View (created by SafeAreaProviderCompat)
    in SafeAreaProviderCompat (created by BottomTabView)
    in BottomTabView (created by BottomTabNavigator)
    in PreventRemoveProvider (created by NavigationContent)
    in NavigationStateListenerProvider (created by NavigationContent)
    in NavigationContent
    in Unknown (created by BottomTabNavigator)
    in BottomTabNavigator (created by MainNavigator)
    in MainNavigator (created by SceneView)
    in StaticContainer
    in EnsureSingleNavigator (created by SceneView)
    in SceneView (created by StackNavigator)
    in RCTView (created by View)
    in View (created by CardContainerInner)
    in RCTView (created by View)
    in View (created by CardContainerInner)
    in RCTView (created by View)
    in View (created by CardContent)
    in CardContent (created by Card)
    in RCTView (created by View)
    in View
    in Unknown (created by PanGestureHandler)
    in PanGestureHandler (created by PanGestureHandler)
    in PanGestureHandler (created by Card)
    in RCTView (created by View)
    in View
    in Unknown (created by Card)
    in Card (created by CardContainerInner)
    in RCTView (created by View)
    in View (created by CardA11yWrapper)
    in CardA11yWrapper (created by CardContainerInner)
    in CardContainerInner (created by CardStack)
    in RNSScreen
    in Unknown (created by InnerScreen)
    in Suspender (created by Freeze)
    in Suspense (created by Freeze)
    in Freeze (created by DelayedFreeze)
    in DelayedFreeze (created by InnerScreen)
    in InnerScreen (created by Screen)
    in Screen (created by MaybeScreen)
    in MaybeScreen (created by CardStack)
    in RNSScreenContainer (created by ScreenContainer)
    in ScreenContainer (created by MaybeScreenContainer)
    in MaybeScreenContainer (created by CardStack)
    in RCTView (created by View)
    in View (created by CardStack)
    in CardStack (created by HeaderShownContext)
    in FrameSizeProviderInner (created by FrameSizeProvider)
    in FrameSizeProvider (created by SafeAreaProviderCompat)
    in RNCSafeAreaProvider (created by SafeAreaProvider)
    in SafeAreaProvider (created by SafeAreaProviderCompat)
    in SafeAreaProviderCompat (created by StackView)
    in RCTView (created by View)
    in View (created by GestureHandlerRootView)
    in GestureHandlerRootView (created by StackView)
    in StackView (created by StackNavigator)
    in PreventRemoveProvider (created by NavigationContent)
    in NavigationStateListenerProvider (created by NavigationContent)
    in NavigationContent
    in Unknown (created by StackNavigator)
    in StackNavigator (created by RootNavigator)
    in RootNavigator (created by AppNavigator)
    in ThemeProvider
    in EnsureSingleNavigator
    in BaseNavigationContainer
    in NavigationContainerInner (created by AppNavigator)
    in AppNavigator (created by App)
    in AuthProvider (created by App)
    in ErrorBoundary (created by App)
    in App (created by withDevTools(App))
    in withDevTools(App)
    in RCTView (created by View)
    in View (created by AppContainer)
    in RCTView (created by View)
    in View (created by AppContainer)
    in AppContainer
    in main(RootComponent), js engine: hermes
 ERROR  App Error: [TypeError: Cannot read property 'medium' of undefined] {"componentStack": "
    in BottomTabItem (created by BottomTabBar)
    in RCTView (created by View)
    in View (created by BottomTabBar)
    in RCTView (created by View)
    in View
    in Unknown (created by BottomTabBar)
    in BottomTabBar (created by SafeAreaInsetsContext)
    in FrameSizeProvider (created by SafeAreaProviderCompat)
    in RCTView (created by View)
    in View (created by SafeAreaProviderCompat)
    in SafeAreaProviderCompat (created by BottomTabView)
    in BottomTabView (created by BottomTabNavigator)
    in PreventRemoveProvider (created by NavigationContent)
    in NavigationStateListenerProvider (created by NavigationContent)
    in NavigationContent
    in Unknown (created by BottomTabNavigator)
    in BottomTabNavigator (created by MainNavigator)
    in MainNavigator (created by SceneView)
    in StaticContainer
    in EnsureSingleNavigator (created by SceneView)
    in SceneView (created by StackNavigator)
    in RCTView (created by View)
    in View (created by CardContainerInner)
    in RCTView (created by View)
    in View (created by CardContainerInner)
    in RCTView (created by View)
    in View (created by CardContent)
    in CardContent (created by Card)
    in RCTView (created by View)
    in View
    in Unknown (created by PanGestureHandler)
    in PanGestureHandler (created by PanGestureHandler)
    in PanGestureHandler (created by Card)
    in RCTView (created by View)
    in View
    in Unknown (created by Card)
    in Card (created by CardContainerInner)
    in RCTView (created by View)
    in View (created by CardA11yWrapper)
    in CardA11yWrapper (created by CardContainerInner)
    in CardContainerInner (created by CardStack)
    in RNSScreen
    in Unknown (created by InnerScreen)
    in Suspender (created by Freeze)
    in Suspense (created by Freeze)
    in Freeze (created by DelayedFreeze)
    in DelayedFreeze (created by InnerScreen)
    in InnerScreen (created by Screen)
    in Screen (created by MaybeScreen)
    in MaybeScreen (created by CardStack)
    in RNSScreenContainer (created by ScreenContainer)
    in ScreenContainer (created by MaybeScreenContainer)
    in MaybeScreenContainer (created by CardStack)
    in RCTView (created by View)
    in View (created by CardStack)
    in CardStack (created by HeaderShownContext)
    in FrameSizeProviderInner (created by FrameSizeProvider)
    in FrameSizeProvider (created by SafeAreaProviderCompat)
    in RNCSafeAreaProvider (created by SafeAreaProvider)
    in SafeAreaProvider (created by SafeAreaProviderCompat)
    in SafeAreaProviderCompat (created by StackView)
    in RCTView (created by View)
    in View (created by GestureHandlerRootView)
    in GestureHandlerRootView (created by StackView)
    in StackView (created by StackNavigator)
    in PreventRemoveProvider (created by NavigationContent)
    in NavigationStateListenerProvider (created by NavigationContent)
    in NavigationContent
    in Unknown (created by StackNavigator)
    in StackNavigator (created by RootNavigator)
    in RootNavigator (created by AppNavigator)
    in ThemeProvider
    in EnsureSingleNavigator
    in BaseNavigationContainer
    in NavigationContainerInner (created by AppNavigator)
    in AppNavigator (created by App)
    in AuthProvider (created by App)
    in ErrorBoundary (created by App)
    in App (created by withDevTools(App))
    in withDevTools(App)
    in RCTView (created by View)
    in View (created by AppContainer)
    in RCTView (created by View)
    in View (created by AppContainer)
    in AppContainer
    in main(RootComponent)"} 
    at ErrorBoundary (http://192.168.1.105:8081/node_modules/expo/AppEntry.bundle//&platform=ios&dev=true&hot=false&lazy=true:129117:36)
    at App
    at withDevTools(App) (http://192.168.1.105:8081/node_modules/expo/AppEntry.bundle//&platform=ios&dev=true&hot=false&lazy=true:128738:27)
    at RCTView
    at View (http://192.168.1.105:8081/node_modules/expo/AppEntry.bundle//&platform=ios&dev=true&hot=false&lazy=true:62831:43)
    at RCTView
    at View (http://192.168.1.105:8081/node_modules/expo/AppEntry.bundle//&platform=ios&dev=true&hot=false&lazy=true:62831:43)
    at AppContainer (http://192.168.1.105:8081/node_modules/expo/AppEntry.bundle//&platform=ios&dev=true&hot=false&lazy=true:62672:36)
    at main(RootComponent) (http://192.168.1.105:8081/node_modules/expo/AppEntry.bundle//&platform=ios&dev=true&hot=false&lazy=true:108625:28)
 ERROR  TypeError: Cannot read property 'medium' of undefined

This error is located at:
    in BottomTabItem (created by BottomTabBar)
    in RCTView (created by View)
    in View (created by BottomTabBar)
    in RCTView (created by View)
    in View
    in Unknown (created by BottomTabBar)
    in BottomTabBar (created by SafeAreaInsetsContext)
    in FrameSizeProvider (created by SafeAreaProviderCompat)
    in RCTView (created by View)
    in View (created by SafeAreaProviderCompat)
    in SafeAreaProviderCompat (created by BottomTabView)
    in BottomTabView (created by BottomTabNavigator)
    in PreventRemoveProvider (created by NavigationContent)
    in NavigationStateListenerProvider (created by NavigationContent)
    in NavigationContent
    in Unknown (created by BottomTabNavigator)
    in BottomTabNavigator (created by MainNavigator)
    in MainNavigator (created by SceneView)
    in StaticContainer
    in EnsureSingleNavigator (created by SceneView)
    in SceneView (created by StackNavigator)
    in RCTView (created by View)
    in View (created by CardContainerInner)
    in RCTView (created by View)
    in View (created by CardContainerInner)
    in RCTView (created by View)
    in View (created by CardContent)
    in CardContent (created by Card)
    in RCTView (created by View)
    in View
    in Unknown (created by PanGestureHandler)
    in PanGestureHandler (created by PanGestureHandler)
    in PanGestureHandler (created by Card)
    in RCTView (created by View)
    in View
    in Unknown (created by Card)
    in Card (created by CardContainerInner)
    in RCTView (created by View)
    in View (created by CardA11yWrapper)
    in CardA11yWrapper (created by CardContainerInner)
    in CardContainerInner (created by CardStack)
    in RNSScreen
    in Unknown (created by InnerScreen)
    in Suspender (created by Freeze)
    in Suspense (created by Freeze)
    in Freeze (created by DelayedFreeze)
    in DelayedFreeze (created by InnerScreen)
    in InnerScreen (created by Screen)
    in Screen (created by MaybeScreen)
    in MaybeScreen (created by CardStack)
    in RNSScreenContainer (created by ScreenContainer)
    in ScreenContainer (created by MaybeScreenContainer)
    in MaybeScreenContainer (created by CardStack)
    in RCTView (created by View)
    in View (created by CardStack)
    in CardStack (created by HeaderShownContext)
    in FrameSizeProviderInner (created by FrameSizeProvider)
    in FrameSizeProvider (created by SafeAreaProviderCompat)
    in RNCSafeAreaProvider (created by SafeAreaProvider)
    in SafeAreaProvider (created by SafeAreaProviderCompat)
    in SafeAreaProviderCompat (created by StackView)
    in RCTView (created by View)
    in View (created by GestureHandlerRootView)
    in GestureHandlerRootView (created by StackView)
    in StackView (created by StackNavigator)
    in PreventRemoveProvider (created by NavigationContent)
    in NavigationStateListenerProvider (created by NavigationContent)
    in NavigationContent
    in Unknown (created by StackNavigator)
    in StackNavigator (created by RootNavigator)
    in RootNavigator (created by AppNavigator)
    in ThemeProvider
    in EnsureSingleNavigator
    in BaseNavigationContainer
    in NavigationContainerInner (created by AppNavigator)
    in AppNavigator (created by App)
    in AuthProvider (created by App)
    in ErrorBoundary (created by App)
    in App (created by withDevTools(App))
    in withDevTools(App)
    in RCTView (created by View)
    in View (created by AppContainer)
    in RCTView (created by View)
    in View (created by AppContainer)
    in AppContainer
    in main(RootComponent), js engine: hermes
 ERROR  App Error: [TypeError: Cannot read property 'medium' of undefined] {"componentStack": "
    in BottomTabItem (created by BottomTabBar)
    in RCTView (created by View)
    in View (created by BottomTabBar)
    in RCTView (created by View)
    in View
    in Unknown (created by BottomTabBar)
    in BottomTabBar (created by SafeAreaInsetsContext)
    in FrameSizeProvider (created by SafeAreaProviderCompat)
    in RCTView (created by View)
    in View (created by SafeAreaProviderCompat)
    in SafeAreaProviderCompat (created by BottomTabView)
    in BottomTabView (created by BottomTabNavigator)
    in PreventRemoveProvider (created by NavigationContent)
    in NavigationStateListenerProvider (created by NavigationContent)
    in NavigationContent
    in Unknown (created by BottomTabNavigator)
    in BottomTabNavigator (created by MainNavigator)
    in MainNavigator (created by SceneView)
    in StaticContainer
    in EnsureSingleNavigator (created by SceneView)
    in SceneView (created by StackNavigator)
    in RCTView (created by View)
    in View (created by CardContainerInner)
    in RCTView (created by View)
    in View (created by CardContainerInner)
    in RCTView (created by View)
    in View (created by CardContent)
    in CardContent (created by Card)
    in RCTView (created by View)
    in View
    in Unknown (created by PanGestureHandler)
    in PanGestureHandler (created by PanGestureHandler)
    in PanGestureHandler (created by Card)
    in RCTView (created by View)
    in View
    in Unknown (created by Card)
    in Card (created by CardContainerInner)
    in RCTView (created by View)
    in View (created by CardA11yWrapper)
    in CardA11yWrapper (created by CardContainerInner)
    in CardContainerInner (created by CardStack)
    in RNSScreen
    in Unknown (created by InnerScreen)
    in Suspender (created by Freeze)
    in Suspense (created by Freeze)
    in Freeze (created by DelayedFreeze)
    in DelayedFreeze (created by InnerScreen)
    in InnerScreen (created by Screen)
    in Screen (created by MaybeScreen)
    in MaybeScreen (created by CardStack)
    in RNSScreenContainer (created by ScreenContainer)
    in ScreenContainer (created by MaybeScreenContainer)
    in MaybeScreenContainer (created by CardStack)
    in RCTView (created by View)
    in View (created by CardStack)
    in CardStack (created by HeaderShownContext)
    in FrameSizeProviderInner (created by FrameSizeProvider)
    in FrameSizeProvider (created by SafeAreaProviderCompat)
    in RNCSafeAreaProvider (created by SafeAreaProvider)
    in SafeAreaProvider (created by SafeAreaProviderCompat)
    in SafeAreaProviderCompat (created by StackView)
    in RCTView (created by View)
    in View (created by GestureHandlerRootView)
    in GestureHandlerRootView (created by StackView)
    in StackView (created by StackNavigator)
    in PreventRemoveProvider (created by NavigationContent)
    in NavigationStateListenerProvider (created by NavigationContent)
    in NavigationContent
    in Unknown (created by StackNavigator)
    in StackNavigator (created by RootNavigator)
    in RootNavigator (created by AppNavigator)
    in ThemeProvider
    in EnsureSingleNavigator
    in BaseNavigationContainer
    in NavigationContainerInner (created by AppNavigator)
    in AppNavigator (created by App)
    in AuthProvider (created by App)
    in ErrorBoundary (created by App)
    in App (created by withDevTools(App))
    in withDevTools(App)
    in RCTView (created by View)
    in View (created by AppContainer)
    in RCTView (created by View)
    in View (created by AppContainer)
    in AppContainer
    in main(RootComponent)"} 
    at ErrorBoundary (http://192.168.1.105:8081/node_modules/expo/AppEntry.bundle//&platform=ios&dev=true&hot=false&lazy=true:129117:36)
    at App
    at withDevTools(App) (http://192.168.1.105:8081/node_modules/expo/AppEntry.bundle//&platform=ios&dev=true&hot=false&lazy=true:128738:27)
    at RCTView
    at View (http://192.168.1.105:8081/node_modules/expo/AppEntry.bundle//&platform=ios&dev=true&hot=false&lazy=true:62831:43)
    at RCTView
    at View (http://192.168.1.105:8081/node_modules/expo/AppEntry.bundle//&platform=ios&dev=true&hot=false&lazy=true:62831:43)
    at AppContainer (http://192.168.1.105:8081/node_modules/expo/AppEntry.bundle//&platform=ios&dev=true&hot=false&lazy=true:62672:36)
    at main(RootComponent) (http://192.168.1.105:8081/node_modules/expo/AppEntry.bundle//&platform=ios&dev=true&hot=false&lazy=true:108625:28)
 ERROR  TypeError: Cannot read property 'medium' of undefined

This error is located at:
    in BottomTabItem (created by BottomTabBar)
    in RCTView (created by View)
    in View (created by BottomTabBar)
    in RCTView (created by View)
    in View
    in Unknown (created by BottomTabBar)
    in BottomTabBar (created by SafeAreaInsetsContext)
    in FrameSizeProvider (created by SafeAreaProviderCompat)
    in RCTView (created by View)
    in View (created by SafeAreaProviderCompat)
    in SafeAreaProviderCompat (created by BottomTabView)
    in BottomTabView (created by BottomTabNavigator)
    in PreventRemoveProvider (created by NavigationContent)
    in NavigationStateListenerProvider (created by NavigationContent)
    in NavigationContent
    in Unknown (created by BottomTabNavigator)
    in BottomTabNavigator (created by MainNavigator)
    in MainNavigator (created by SceneView)
    in StaticContainer
    in EnsureSingleNavigator (created by SceneView)
    in SceneView (created by StackNavigator)
    in RCTView (created by View)
    in View (created by CardContainerInner)
    in RCTView (created by View)
    in View (created by CardContainerInner)
    in RCTView (created by View)
    in View (created by CardContent)
    in CardContent (created by Card)
    in RCTView (created by View)
    in View
    in Unknown (created by PanGestureHandler)
    in PanGestureHandler (created by PanGestureHandler)
    in PanGestureHandler (created by Card)
    in RCTView (created by View)
    in View
    in Unknown (created by Card)
    in Card (created by CardContainerInner)
    in RCTView (created by View)
    in View (created by CardA11yWrapper)
    in CardA11yWrapper (created by CardContainerInner)
    in CardContainerInner (created by CardStack)
    in RNSScreen
    in Unknown (created by InnerScreen)
    in Suspender (created by Freeze)
    in Suspense (created by Freeze)
    in Freeze (created by DelayedFreeze)
    in DelayedFreeze (created by InnerScreen)
    in InnerScreen (created by Screen)
    in Screen (created by MaybeScreen)
    in MaybeScreen (created by CardStack)
    in RNSScreenContainer (created by ScreenContainer)
    in ScreenContainer (created by MaybeScreenContainer)
    in MaybeScreenContainer (created by CardStack)
    in RCTView (created by View)
    in View (created by CardStack)
    in CardStack (created by HeaderShownContext)
    in FrameSizeProviderInner (created by FrameSizeProvider)
    in FrameSizeProvider (created by SafeAreaProviderCompat)
    in RNCSafeAreaProvider (created by SafeAreaProvider)
    in SafeAreaProvider (created by SafeAreaProviderCompat)
    in SafeAreaProviderCompat (created by StackView)
    in RCTView (created by View)
    in View (created by GestureHandlerRootView)
    in GestureHandlerRootView (created by StackView)
    in StackView (created by StackNavigator)
    in PreventRemoveProvider (created by NavigationContent)
    in NavigationStateListenerProvider (created by NavigationContent)
    in NavigationContent
    in Unknown (created by StackNavigator)
    in StackNavigator (created by RootNavigator)
    in RootNavigator (created by AppNavigator)
    in ThemeProvider
    in EnsureSingleNavigator
    in BaseNavigationContainer
    in NavigationContainerInner (created by AppNavigator)
    in AppNavigator (created by App)
    in AuthProvider (created by App)
    in ErrorBoundary (created by App)
    in App (created by withDevTools(App))
    in withDevTools(App)
    in RCTView (created by View)
    in View (created by AppContainer)
    in RCTView (created by View)
    in View (created by AppContainer)
    in AppContainer
    in main(RootComponent), js engine: hermes
 ERROR  App Error: [TypeError: Cannot read property 'medium' of undefined] {"componentStack": "
    in BottomTabItem (created by BottomTabBar)
    in RCTView (created by View)
    in View (created by BottomTabBar)
    in RCTView (created by View)
    in View
    in Unknown (created by BottomTabBar)
    in BottomTabBar (created by SafeAreaInsetsContext)
    in FrameSizeProvider (created by SafeAreaProviderCompat)
    in RCTView (created by View)
    in View (created by SafeAreaProviderCompat)
    in SafeAreaProviderCompat (created by BottomTabView)
    in BottomTabView (created by BottomTabNavigator)
    in PreventRemoveProvider (created by NavigationContent)
    in NavigationStateListenerProvider (created by NavigationContent)
    in NavigationContent
    in Unknown (created by BottomTabNavigator)
    in BottomTabNavigator (created by MainNavigator)
    in MainNavigator (created by SceneView)
    in StaticContainer
    in EnsureSingleNavigator (created by SceneView)
    in SceneView (created by StackNavigator)
    in RCTView (created by View)
    in View (created by CardContainerInner)
    in RCTView (created by View)
    in View (created by CardContainerInner)
    in RCTView (created by View)
    in View (created by CardContent)
    in CardContent (created by Card)
    in RCTView (created by View)
    in View
    in Unknown (created by PanGestureHandler)
    in PanGestureHandler (created by PanGestureHandler)
    in PanGestureHandler (created by Card)
    in RCTView (created by View)
    in View
    in Unknown (created by Card)
    in Card (created by CardContainerInner)
    in RCTView (created by View)
    in View (created by CardA11yWrapper)
    in CardA11yWrapper (created by CardContainerInner)
    in CardContainerInner (created by CardStack)
    in RNSScreen
    in Unknown (created by InnerScreen)
    in Suspender (created by Freeze)
    in Suspense (created by Freeze)
    in Freeze (created by DelayedFreeze)
    in DelayedFreeze (created by InnerScreen)
    in InnerScreen (created by Screen)
    in Screen (created by MaybeScreen)
    in MaybeScreen (created by CardStack)
    in RNSScreenContainer (created by ScreenContainer)
    in ScreenContainer (created by MaybeScreenContainer)
    in MaybeScreenContainer (created by CardStack)
    in RCTView (created by View)
    in View (created by CardStack)
    in CardStack (created by HeaderShownContext)
    in FrameSizeProviderInner (created by FrameSizeProvider)
    in FrameSizeProvider (created by SafeAreaProviderCompat)
    in RNCSafeAreaProvider (created by SafeAreaProvider)
    in SafeAreaProvider (created by SafeAreaProviderCompat)
    in SafeAreaProviderCompat (created by StackView)
    in RCTView (created by View)
    in View (created by GestureHandlerRootView)
    in GestureHandlerRootView (created by StackView)
    in StackView (created by StackNavigator)
    in PreventRemoveProvider (created by NavigationContent)
    in NavigationStateListenerProvider (created by NavigationContent)
    in NavigationContent
    in Unknown (created by StackNavigator)
    in StackNavigator (created by RootNavigator)
    in RootNavigator (created by AppNavigator)
    in ThemeProvider
    in EnsureSingleNavigator
    in BaseNavigationContainer
    in NavigationContainerInner (created by AppNavigator)
    in AppNavigator (created by App)
    in AuthProvider (created by App)
    in ErrorBoundary (created by App)
    in App (created by withDevTools(App))
    in withDevTools(App)
    in RCTView (created by View)
    in View (created by AppContainer)
    in RCTView (created by View)
    in View (created by AppContainer)
    in AppContainer
    in main(RootComponent)"} 
    at ErrorBoundary (http://192.168.1.105:8081/node_modules/expo/AppEntry.bundle//&platform=ios&dev=true&hot=false&lazy=true:129117:36)
    at App
    at withDevTools(App) (http://192.168.1.105:8081/node_modules/expo/AppEntry.bundle//&platform=ios&dev=true&hot=false&lazy=true:128738:27)
    at RCTView
    at View (http://192.168.1.105:8081/node_modules/expo/AppEntry.bundle//&platform=ios&dev=true&hot=false&lazy=true:62831:43)
    at RCTView
    at View (http://192.168.1.105:8081/node_modules/expo/AppEntry.bundle//&platform=ios&dev=true&hot=false&lazy=true:62831:43)
    at AppContainer (http://192.168.1.105:8081/node_modules/expo/AppEntry.bundle//&platform=ios&dev=true&hot=false&lazy=true:62672:36)
    at main(RootComponent) (http://192.168.1.105:8081/node_modules/expo/AppEntry.bundle//&platform=ios&dev=true&hot=false&lazy=true:108625:28)
 WARN  (ADVICE) View #825 of type ABI49_0_0RCTView has a shadow set but cannot calculate shadow efficiently. Consider setting a background color to fix this, or apply the shadow to a more specific component.
iOS Bundling complete 67ms
 WARN  (ADVICE) View #123 of type ABI49_0_0RCTView has a shadow set but cannot calculate shadow efficiently. Consider setting a background color to fix this, or apply the shadow to a more specific component.
 ERROR  TypeError: Cannot read property 'bold' of undefined

This error is located at:
    in HeaderTitle (created by Header)
    in RCTView (created by View)
    in View
    in Unknown (created by Header)
    in RCTView (created by View)
    in View (created by Header)
    in RCTView (created by View)
    in View
    in Unknown (created by Header)
    in Header (created by BottomTabView)
    in RCTView (created by View)
    in View (created by Screen)
    in RCTView (created by View)
    in View
    in Unknown (created by Background)
    in Background (created by Screen)
    in Screen (created by BottomTabView)
    in RNSScreen
    in Unknown (created by InnerScreen)
    in Suspender (created by Freeze)
    in Suspense (created by Freeze)
    in Freeze (created by DelayedFreeze)
    in DelayedFreeze (created by InnerScreen)
    in InnerScreen (created by Screen)
    in Screen (created by MaybeScreen)
    in MaybeScreen (created by BottomTabView)
    in RNSScreenNavigationContainer (created by ScreenContainer)
    in ScreenContainer (created by MaybeScreenContainer)
    in MaybeScreenContainer (created by BottomTabView)
    in FrameSizeProvider (created by SafeAreaProviderCompat)
    in RCTView (created by View)
    in View (created by SafeAreaProviderCompat)
    in SafeAreaProviderCompat (created by BottomTabView)
    in BottomTabView (created by BottomTabNavigator)
    in PreventRemoveProvider (created by NavigationContent)
    in NavigationStateListenerProvider (created by NavigationContent)
    in NavigationContent
    in Unknown (created by BottomTabNavigator)
    in BottomTabNavigator (created by MainNavigator)
    in MainNavigator (created by SceneView)
    in StaticContainer
    in EnsureSingleNavigator (created by SceneView)
    in SceneView (created by StackNavigator)
    in RCTView (created by View)
    in View (created by CardContainerInner)
    in RCTView (created by View)
    in View (created by CardContainerInner)
    in RCTView (created by View)
    in View (created by CardContent)
    in CardContent (created by Card)
    in RCTView (created by View)
    in View
    in Unknown (created by PanGestureHandler)
    in PanGestureHandler (created by PanGestureHandler)
    in PanGestureHandler (created by Card)
    in RCTView (created by View)
    in View
    in Unknown (created by Card)
    in Card (created by CardContainerInner)
    in RCTView (created by View)
    in View (created by CardA11yWrapper)
    in CardA11yWrapper (created by CardContainerInner)
    in CardContainerInner (created by CardStack)
    in RNSScreen
    in Unknown (created by InnerScreen)
    in Suspender (created by Freeze)
    in Suspense (created by Freeze)
    in Freeze (created by DelayedFreeze)
    in DelayedFreeze (created by InnerScreen)
    in InnerScreen (created by Screen)
    in Screen (created by MaybeScreen)
    in MaybeScreen (created by CardStack)
    in RNSScreenContainer (created by ScreenContainer)
    in ScreenContainer (created by MaybeScreenContainer)
    in MaybeScreenContainer (created by CardStack)
    in RCTView (created by View)
    in View (created by CardStack)
    in CardStack (created by HeaderShownContext)
    in FrameSizeProviderInner (created by FrameSizeProvider)
    in FrameSizeProvider (created by SafeAreaProviderCompat)
    in RNCSafeAreaProvider (created by SafeAreaProvider)
    in SafeAreaProvider (created by SafeAreaProviderCompat)
    in SafeAreaProviderCompat (created by StackView)
    in RCTView (created by View)
    in View (created by GestureHandlerRootView)
    in GestureHandlerRootView (created by StackView)
    in StackView (created by StackNavigator)
    in PreventRemoveProvider (created by NavigationContent)
    in NavigationStateListenerProvider (created by NavigationContent)
    in NavigationContent
    in Unknown (created by StackNavigator)
    in StackNavigator (created by RootNavigator)
    in RootNavigator (created by AppNavigator)
    in ThemeProvider
    in EnsureSingleNavigator
    in BaseNavigationContainer
    in NavigationContainerInner (created by AppNavigator)
    in AppNavigator (created by App)
    in AuthProvider (created by App)
    in ErrorBoundary (created by App)
    in App (created by withDevTools(App))
    in withDevTools(App)
    in RCTView (created by View)
    in View (created by AppContainer)
    in RCTView (created by View)
    in View (created by AppContainer)
    in AppContainer
    in main(RootComponent), js engine: hermes
 ERROR  App Error: [TypeError: Cannot read property 'bold' of undefined] {"componentStack": "
    in HeaderTitle (created by Header)
    in RCTView (created by View)
    in View
    in Unknown (created by Header)
    in RCTView (created by View)
    in View (created by Header)
    in RCTView (created by View)
    in View
    in Unknown (created by Header)
    in Header (created by BottomTabView)
    in RCTView (created by View)
    in View (created by Screen)
    in RCTView (created by View)
    in View
    in Unknown (created by Background)
    in Background (created by Screen)
    in Screen (created by BottomTabView)
    in RNSScreen
    in Unknown (created by InnerScreen)
    in Suspender (created by Freeze)
    in Suspense (created by Freeze)
    in Freeze (created by DelayedFreeze)
    in DelayedFreeze (created by InnerScreen)
    in InnerScreen (created by Screen)
    in Screen (created by MaybeScreen)
    in MaybeScreen (created by BottomTabView)
    in RNSScreenNavigationContainer (created by ScreenContainer)
    in ScreenContainer (created by MaybeScreenContainer)
    in MaybeScreenContainer (created by BottomTabView)
    in FrameSizeProvider (created by SafeAreaProviderCompat)
    in RCTView (created by View)
    in View (created by SafeAreaProviderCompat)
    in SafeAreaProviderCompat (created by BottomTabView)
    in BottomTabView (created by BottomTabNavigator)
    in PreventRemoveProvider (created by NavigationContent)
    in NavigationStateListenerProvider (created by NavigationContent)
    in NavigationContent
    in Unknown (created by BottomTabNavigator)
    in BottomTabNavigator (created by MainNavigator)
    in MainNavigator (created by SceneView)
    in StaticContainer
    in EnsureSingleNavigator (created by SceneView)
    in SceneView (created by StackNavigator)
    in RCTView (created by View)
    in View (created by CardContainerInner)
    in RCTView (created by View)
    in View (created by CardContainerInner)
    in RCTView (created by View)
    in View (created by CardContent)
    in CardContent (created by Card)
    in RCTView (created by View)
    in View
    in Unknown (created by PanGestureHandler)
    in PanGestureHandler (created by PanGestureHandler)
    in PanGestureHandler (created by Card)
    in RCTView (created by View)
    in View
    in Unknown (created by Card)
    in Card (created by CardContainerInner)
    in RCTView (created by View)
    in View (created by CardA11yWrapper)
    in CardA11yWrapper (created by CardContainerInner)
    in CardContainerInner (created by CardStack)
    in RNSScreen
    in Unknown (created by InnerScreen)
    in Suspender (created by Freeze)
    in Suspense (created by Freeze)
    in Freeze (created by DelayedFreeze)
    in DelayedFreeze (created by InnerScreen)
    in InnerScreen (created by Screen)
    in Screen (created by MaybeScreen)
    in MaybeScreen (created by CardStack)
    in RNSScreenContainer (created by ScreenContainer)
    in ScreenContainer (created by MaybeScreenContainer)
    in MaybeScreenContainer (created by CardStack)
    in RCTView (created by View)
    in View (created by CardStack)
    in CardStack (created by HeaderShownContext)
    in FrameSizeProviderInner (created by FrameSizeProvider)
    in FrameSizeProvider (created by SafeAreaProviderCompat)
    in RNCSafeAreaProvider (created by SafeAreaProvider)
    in SafeAreaProvider (created by SafeAreaProviderCompat)
    in SafeAreaProviderCompat (created by StackView)
    in RCTView (created by View)
    in View (created by GestureHandlerRootView)
    in GestureHandlerRootView (created by StackView)
    in StackView (created by StackNavigator)
    in PreventRemoveProvider (created by NavigationContent)
    in NavigationStateListenerProvider (created by NavigationContent)
    in NavigationContent
    in Unknown (created by StackNavigator)
    in StackNavigator (created by RootNavigator)
    in RootNavigator (created by AppNavigator)
    in ThemeProvider
    in EnsureSingleNavigator
    in BaseNavigationContainer
    in NavigationContainerInner (created by AppNavigator)
    in AppNavigator (created by App)
    in AuthProvider (created by App)
    in ErrorBoundary (created by App)
    in App (created by withDevTools(App))
    in withDevTools(App)
    in RCTView (created by View)
    in View (created by AppContainer)
    in RCTView (created by View)
    in View (created by AppContainer)
    in AppContainer
    in main(RootComponent)"} 
    at ErrorBoundary (http://192.168.1.105:8081/node_modules/expo/AppEntry.bundle//&platform=ios&dev=true&hot=false&lazy=true:129117:36)
    at App
    at withDevTools(App) (http://192.168.1.105:8081/node_modules/expo/AppEntry.bundle//&platform=ios&dev=true&hot=false&lazy=true:128738:27)
    at RCTView
    at View (http://192.168.1.105:8081/node_modules/expo/AppEntry.bundle//&platform=ios&dev=true&hot=false&lazy=true:62831:43)
    at RCTView
    at View (http://192.168.1.105:8081/node_modules/expo/AppEntry.bundle//&platform=ios&dev=true&hot=false&lazy=true:62831:43)
    at AppContainer (http://192.168.1.105:8081/node_modules/expo/AppEntry.bundle//&platform=ios&dev=true&hot=false&lazy=true:62672:36)
    at main(RootComponent) (http://192.168.1.105:8081/node_modules/expo/AppEntry.bundle//&platform=ios&dev=true&hot=false&lazy=true:108625:28)
 ERROR  TypeError: Cannot read property 'medium' of undefined

This error is located at:
    in BottomTabItem (created by BottomTabBar)
    in RCTView (created by View)
    in View (created by BottomTabBar)
    in RCTView (created by View)
    in View
    in Unknown (created by BottomTabBar)
    in BottomTabBar (created by SafeAreaInsetsContext)
    in FrameSizeProvider (created by SafeAreaProviderCompat)
    in RCTView (created by View)
    in View (created by SafeAreaProviderCompat)
    in SafeAreaProviderCompat (created by BottomTabView)
    in BottomTabView (created by BottomTabNavigator)
    in PreventRemoveProvider (created by NavigationContent)
    in NavigationStateListenerProvider (created by NavigationContent)
    in NavigationContent
    in Unknown (created by BottomTabNavigator)
    in BottomTabNavigator (created by MainNavigator)
    in MainNavigator (created by SceneView)
    in StaticContainer
    in EnsureSingleNavigator (created by SceneView)
    in SceneView (created by StackNavigator)
    in RCTView (created by View)
    in View (created by CardContainerInner)
    in RCTView (created by View)
    in View (created by CardContainerInner)
    in RCTView (created by View)
    in View (created by CardContent)
    in CardContent (created by Card)
    in RCTView (created by View)
    in View
    in Unknown (created by PanGestureHandler)
    in PanGestureHandler (created by PanGestureHandler)
    in PanGestureHandler (created by Card)
    in RCTView (created by View)
    in View
    in Unknown (created by Card)
    in Card (created by CardContainerInner)
    in RCTView (created by View)
    in View (created by CardA11yWrapper)
    in CardA11yWrapper (created by CardContainerInner)
    in CardContainerInner (created by CardStack)
    in RNSScreen
    in Unknown (created by InnerScreen)
    in Suspender (created by Freeze)
    in Suspense (created by Freeze)
    in Freeze (created by DelayedFreeze)
    in DelayedFreeze (created by InnerScreen)
    in InnerScreen (created by Screen)
    in Screen (created by MaybeScreen)
    in MaybeScreen (created by CardStack)
    in RNSScreenContainer (created by ScreenContainer)
    in ScreenContainer (created by MaybeScreenContainer)
    in MaybeScreenContainer (created by CardStack)
    in RCTView (created by View)
    in View (created by CardStack)
    in CardStack (created by HeaderShownContext)
    in FrameSizeProviderInner (created by FrameSizeProvider)
    in FrameSizeProvider (created by SafeAreaProviderCompat)
    in RNCSafeAreaProvider (created by SafeAreaProvider)
    in SafeAreaProvider (created by SafeAreaProviderCompat)
    in SafeAreaProviderCompat (created by StackView)
    in RCTView (created by View)
    in View (created by GestureHandlerRootView)
    in GestureHandlerRootView (created by StackView)
    in StackView (created by StackNavigator)
    in PreventRemoveProvider (created by NavigationContent)
    in NavigationStateListenerProvider (created by NavigationContent)
    in NavigationContent
    in Unknown (created by StackNavigator)
    in StackNavigator (created by RootNavigator)
    in RootNavigator (created by AppNavigator)
    in ThemeProvider
    in EnsureSingleNavigator
    in BaseNavigationContainer
    in NavigationContainerInner (created by AppNavigator)
    in AppNavigator (created by App)
    in AuthProvider (created by App)
    in ErrorBoundary (created by App)
    in App (created by withDevTools(App))
    in withDevTools(App)
    in RCTView (created by View)
    in View (created by AppContainer)
    in RCTView (created by View)
    in View (created by AppContainer)
    in AppContainer
    in main(RootComponent), js engine: hermes
 ERROR  App Error: [TypeError: Cannot read property 'medium' of undefined] {"componentStack": "
    in BottomTabItem (created by BottomTabBar)
    in RCTView (created by View)
    in View (created by BottomTabBar)
    in RCTView (created by View)
    in View
    in Unknown (created by BottomTabBar)
    in BottomTabBar (created by SafeAreaInsetsContext)
    in FrameSizeProvider (created by SafeAreaProviderCompat)
    in RCTView (created by View)
    in View (created by SafeAreaProviderCompat)
    in SafeAreaProviderCompat (created by BottomTabView)
    in BottomTabView (created by BottomTabNavigator)
    in PreventRemoveProvider (created by NavigationContent)
    in NavigationStateListenerProvider (created by NavigationContent)
    in NavigationContent
    in Unknown (created by BottomTabNavigator)
    in BottomTabNavigator (created by MainNavigator)
    in MainNavigator (created by SceneView)
    in StaticContainer
    in EnsureSingleNavigator (created by SceneView)
    in SceneView (created by StackNavigator)
    in RCTView (created by View)
    in View (created by CardContainerInner)
    in RCTView (created by View)
    in View (created by CardContainerInner)
    in RCTView (created by View)
    in View (created by CardContent)
    in CardContent (created by Card)
    in RCTView (created by View)
    in View
    in Unknown (created by PanGestureHandler)
    in PanGestureHandler (created by PanGestureHandler)
    in PanGestureHandler (created by Card)
    in RCTView (created by View)
    in View
    in Unknown (created by Card)
    in Card (created by CardContainerInner)
    in RCTView (created by View)
    in View (created by CardA11yWrapper)
    in CardA11yWrapper (created by CardContainerInner)
    in CardContainerInner (created by CardStack)
    in RNSScreen
    in Unknown (created by InnerScreen)
    in Suspender (created by Freeze)
    in Suspense (created by Freeze)
    in Freeze (created by DelayedFreeze)
    in DelayedFreeze (created by InnerScreen)
    in InnerScreen (created by Screen)
    in Screen (created by MaybeScreen)
    in MaybeScreen (created by CardStack)
    in RNSScreenContainer (created by ScreenContainer)
    in ScreenContainer (created by MaybeScreenContainer)
    in MaybeScreenContainer (created by CardStack)
    in RCTView (created by View)
    in View (created by CardStack)
    in CardStack (created by HeaderShownContext)
    in FrameSizeProviderInner (created by FrameSizeProvider)
    in FrameSizeProvider (created by SafeAreaProviderCompat)
    in RNCSafeAreaProvider (created by SafeAreaProvider)
    in SafeAreaProvider (created by SafeAreaProviderCompat)
    in SafeAreaProviderCompat (created by StackView)
    in RCTView (created by View)
    in View (created by GestureHandlerRootView)
    in GestureHandlerRootView (created by StackView)
    in StackView (created by StackNavigator)
    in PreventRemoveProvider (created by NavigationContent)
    in NavigationStateListenerProvider (created by NavigationContent)
    in NavigationContent
    in Unknown (created by StackNavigator)
    in StackNavigator (created by RootNavigator)
    in RootNavigator (created by AppNavigator)
    in ThemeProvider
    in EnsureSingleNavigator
    in BaseNavigationContainer
    in NavigationContainerInner (created by AppNavigator)
    in AppNavigator (created by App)
    in AuthProvider (created by App)
    in ErrorBoundary (created by App)
    in App (created by withDevTools(App))
    in withDevTools(App)
    in RCTView (created by View)
    in View (created by AppContainer)
    in RCTView (created by View)
    in View (created by AppContainer)
    in AppContainer
    in main(RootComponent)"} 
    at ErrorBoundary (http://192.168.1.105:8081/node_modules/expo/AppEntry.bundle//&platform=ios&dev=true&hot=false&lazy=true:129117:36)
    at App
    at withDevTools(App) (http://192.168.1.105:8081/node_modules/expo/AppEntry.bundle//&platform=ios&dev=true&hot=false&lazy=true:128738:27)
    at RCTView
    at View (http://192.168.1.105:8081/node_modules/expo/AppEntry.bundle//&platform=ios&dev=true&hot=false&lazy=true:62831:43)
    at RCTView
    at View (http://192.168.1.105:8081/node_modules/expo/AppEntry.bundle//&platform=ios&dev=true&hot=false&lazy=true:62831:43)
    at AppContainer (http://192.168.1.105:8081/node_modules/expo/AppEntry.bundle//&platform=ios&dev=true&hot=false&lazy=true:62672:36)
    at main(RootComponent) (http://192.168.1.105:8081/node_modules/expo/AppEntry.bundle//&platform=ios&dev=true&hot=false&lazy=true:108625:28)
 ERROR  TypeError: Cannot read property 'medium' of undefined

This error is located at:
    in BottomTabItem (created by BottomTabBar)
    in RCTView (created by View)
    in View (created by BottomTabBar)
    in RCTView (created by View)
    in View
    in Unknown (created by BottomTabBar)
    in BottomTabBar (created by SafeAreaInsetsContext)
    in FrameSizeProvider (created by SafeAreaProviderCompat)
    in RCTView (created by View)
    in View (created by SafeAreaProviderCompat)
    in SafeAreaProviderCompat (created by BottomTabView)
    in BottomTabView (created by BottomTabNavigator)
    in PreventRemoveProvider (created by NavigationContent)
    in NavigationStateListenerProvider (created by NavigationContent)
    in NavigationContent
    in Unknown (created by BottomTabNavigator)
    in BottomTabNavigator (created by MainNavigator)
    in MainNavigator (created by SceneView)
    in StaticContainer
    in EnsureSingleNavigator (created by SceneView)
    in SceneView (created by StackNavigator)
    in RCTView (created by View)
    in View (created by CardContainerInner)
    in RCTView (created by View)
    in View (created by CardContainerInner)
    in RCTView (created by View)
    in View (created by CardContent)
    in CardContent (created by Card)
    in RCTView (created by View)
    in View
    in Unknown (created by PanGestureHandler)
    in PanGestureHandler (created by PanGestureHandler)
    in PanGestureHandler (created by Card)
    in RCTView (created by View)
    in View
    in Unknown (created by Card)
    in Card (created by CardContainerInner)
    in RCTView (created by View)
    in View (created by CardA11yWrapper)
    in CardA11yWrapper (created by CardContainerInner)
    in CardContainerInner (created by CardStack)
    in RNSScreen
    in Unknown (created by InnerScreen)
    in Suspender (created by Freeze)
    in Suspense (created by Freeze)
    in Freeze (created by DelayedFreeze)
    in DelayedFreeze (created by InnerScreen)
    in InnerScreen (created by Screen)
    in Screen (created by MaybeScreen)
    in MaybeScreen (created by CardStack)
    in RNSScreenContainer (created by ScreenContainer)
    in ScreenContainer (created by MaybeScreenContainer)
    in MaybeScreenContainer (created by CardStack)
    in RCTView (created by View)
    in View (created by CardStack)
    in CardStack (created by HeaderShownContext)
    in FrameSizeProviderInner (created by FrameSizeProvider)
    in FrameSizeProvider (created by SafeAreaProviderCompat)
    in RNCSafeAreaProvider (created by SafeAreaProvider)
    in SafeAreaProvider (created by SafeAreaProviderCompat)
    in SafeAreaProviderCompat (created by StackView)
    in RCTView (created by View)
    in View (created by GestureHandlerRootView)
    in GestureHandlerRootView (created by StackView)
    in StackView (created by StackNavigator)
    in PreventRemoveProvider (created by NavigationContent)
    in NavigationStateListenerProvider (created by NavigationContent)
    in NavigationContent
    in Unknown (created by StackNavigator)
    in StackNavigator (created by RootNavigator)
    in RootNavigator (created by AppNavigator)
    in ThemeProvider
    in EnsureSingleNavigator
    in BaseNavigationContainer
    in NavigationContainerInner (created by AppNavigator)
    in AppNavigator (created by App)
    in AuthProvider (created by App)
    in ErrorBoundary (created by App)
    in App (created by withDevTools(App))
    in withDevTools(App)
    in RCTView (created by View)
    in View (created by AppContainer)
    in RCTView (created by View)
    in View (created by AppContainer)
    in AppContainer
    in main(RootComponent), js engine: hermes
 ERROR  App Error: [TypeError: Cannot read property 'medium' of undefined] {"componentStack": "
    in BottomTabItem (created by BottomTabBar)
    in RCTView (created by View)
    in View (created by BottomTabBar)
    in RCTView (created by View)
    in View
    in Unknown (created by BottomTabBar)
    in BottomTabBar (created by SafeAreaInsetsContext)
    in FrameSizeProvider (created by SafeAreaProviderCompat)
    in RCTView (created by View)
    in View (created by SafeAreaProviderCompat)
    in SafeAreaProviderCompat (created by BottomTabView)
    in BottomTabView (created by BottomTabNavigator)
    in PreventRemoveProvider (created by NavigationContent)
    in NavigationStateListenerProvider (created by NavigationContent)
    in NavigationContent
    in Unknown (created by BottomTabNavigator)
    in BottomTabNavigator (created by MainNavigator)
    in MainNavigator (created by SceneView)
    in StaticContainer
    in EnsureSingleNavigator (created by SceneView)
    in SceneView (created by StackNavigator)
    in RCTView (created by View)
    in View (created by CardContainerInner)
    in RCTView (created by View)
    in View (created by CardContainerInner)
    in RCTView (created by View)
    in View (created by CardContent)
    in CardContent (created by Card)
    in RCTView (created by View)
    in View
    in Unknown (created by PanGestureHandler)
    in PanGestureHandler (created by PanGestureHandler)
    in PanGestureHandler (created by Card)
    in RCTView (created by View)
    in View
    in Unknown (created by Card)
    in Card (created by CardContainerInner)
    in RCTView (created by View)
    in View (created by CardA11yWrapper)
    in CardA11yWrapper (created by CardContainerInner)
    in CardContainerInner (created by CardStack)
    in RNSScreen
    in Unknown (created by InnerScreen)
    in Suspender (created by Freeze)
    in Suspense (created by Freeze)
    in Freeze (created by DelayedFreeze)
    in DelayedFreeze (created by InnerScreen)
    in InnerScreen (created by Screen)
    in Screen (created by MaybeScreen)
    in MaybeScreen (created by CardStack)
    in RNSScreenContainer (created by ScreenContainer)
    in ScreenContainer (created by MaybeScreenContainer)
    in MaybeScreenContainer (created by CardStack)
    in RCTView (created by View)
    in View (created by CardStack)
    in CardStack (created by HeaderShownContext)
    in FrameSizeProviderInner (created by FrameSizeProvider)
    in FrameSizeProvider (created by SafeAreaProviderCompat)
    in RNCSafeAreaProvider (created by SafeAreaProvider)
    in SafeAreaProvider (created by SafeAreaProviderCompat)
    in SafeAreaProviderCompat (created by StackView)
    in RCTView (created by View)
    in View (created by GestureHandlerRootView)
    in GestureHandlerRootView (created by StackView)
    in StackView (created by StackNavigator)
    in PreventRemoveProvider (created by NavigationContent)
    in NavigationStateListenerProvider (created by NavigationContent)
    in NavigationContent
    in Unknown (created by StackNavigator)
    in StackNavigator (created by RootNavigator)
    in RootNavigator (created by AppNavigator)
    in ThemeProvider
    in EnsureSingleNavigator
    in BaseNavigationContainer
    in NavigationContainerInner (created by AppNavigator)
    in AppNavigator (created by App)
    in AuthProvider (created by App)
    in ErrorBoundary (created by App)
    in App (created by withDevTools(App))
    in withDevTools(App)
    in RCTView (created by View)
    in View (created by AppContainer)
    in RCTView (created by View)
    in View (created by AppContainer)
    in AppContainer
    in main(RootComponent)"} 
    at ErrorBoundary (http://192.168.1.105:8081/node_modules/expo/AppEntry.bundle//&platform=ios&dev=true&hot=false&lazy=true:129117:36)
    at App
    at withDevTools(App) (http://192.168.1.105:8081/node_modules/expo/AppEntry.bundle//&platform=ios&dev=true&hot=false&lazy=true:128738:27)
    at RCTView
    at View (http://192.168.1.105:8081/node_modules/expo/AppEntry.bundle//&platform=ios&dev=true&hot=false&lazy=true:62831:43)
    at RCTView
    at View (http://192.168.1.105:8081/node_modules/expo/AppEntry.bundle//&platform=ios&dev=true&hot=false&lazy=true:62831:43)
    at AppContainer (http://192.168.1.105:8081/node_modules/expo/AppEntry.bundle//&platform=ios&dev=true&hot=false&lazy=true:62672:36)
    at main(RootComponent) (http://192.168.1.105:8081/node_modules/expo/AppEntry.bundle//&platform=ios&dev=true&hot=false&lazy=true:108625:28)
 ERROR  TypeError: Cannot read property 'medium' of undefined

This error is located at:
    in BottomTabItem (created by BottomTabBar)
    in RCTView (created by View)
    in View (created by BottomTabBar)
    in RCTView (created by View)
    in View
    in Unknown (created by BottomTabBar)
    in BottomTabBar (created by SafeAreaInsetsContext)
    in FrameSizeProvider (created by SafeAreaProviderCompat)
    in RCTView (created by View)
    in View (created by SafeAreaProviderCompat)
    in SafeAreaProviderCompat (created by BottomTabView)
    in BottomTabView (created by BottomTabNavigator)
    in PreventRemoveProvider (created by NavigationContent)
    in NavigationStateListenerProvider (created by NavigationContent)
    in NavigationContent
    in Unknown (created by BottomTabNavigator)
    in BottomTabNavigator (created by MainNavigator)
    in MainNavigator (created by SceneView)
    in StaticContainer
    in EnsureSingleNavigator (created by SceneView)
    in SceneView (created by StackNavigator)
    in RCTView (created by View)
    in View (created by CardContainerInner)
    in RCTView (created by View)
    in View (created by CardContainerInner)
    in RCTView (created by View)
    in View (created by CardContent)
    in CardContent (created by Card)
    in RCTView (created by View)
    in View
    in Unknown (created by PanGestureHandler)
    in PanGestureHandler (created by PanGestureHandler)
    in PanGestureHandler (created by Card)
    in RCTView (created by View)
    in View
    in Unknown (created by Card)
    in Card (created by CardContainerInner)
    in RCTView (created by View)
    in View (created by CardA11yWrapper)
    in CardA11yWrapper (created by CardContainerInner)
    in CardContainerInner (created by CardStack)
    in RNSScreen
    in Unknown (created by InnerScreen)
    in Suspender (created by Freeze)
    in Suspense (created by Freeze)
    in Freeze (created by DelayedFreeze)
    in DelayedFreeze (created by InnerScreen)
    in InnerScreen (created by Screen)
    in Screen (created by MaybeScreen)
    in MaybeScreen (created by CardStack)
    in RNSScreenContainer (created by ScreenContainer)
    in ScreenContainer (created by MaybeScreenContainer)
    in MaybeScreenContainer (created by CardStack)
    in RCTView (created by View)
    in View (created by CardStack)
    in CardStack (created by HeaderShownContext)
    in FrameSizeProviderInner (created by FrameSizeProvider)
    in FrameSizeProvider (created by SafeAreaProviderCompat)
    in RNCSafeAreaProvider (created by SafeAreaProvider)
    in SafeAreaProvider (created by SafeAreaProviderCompat)
    in SafeAreaProviderCompat (created by StackView)
    in RCTView (created by View)
    in View (created by GestureHandlerRootView)
    in GestureHandlerRootView (created by StackView)
    in StackView (created by StackNavigator)
    in PreventRemoveProvider (created by NavigationContent)
    in NavigationStateListenerProvider (created by NavigationContent)
    in NavigationContent
    in Unknown (created by StackNavigator)
    in StackNavigator (created by RootNavigator)
    in RootNavigator (created by AppNavigator)
    in ThemeProvider
    in EnsureSingleNavigator
    in BaseNavigationContainer
    in NavigationContainerInner (created by AppNavigator)
    in AppNavigator (created by App)
    in AuthProvider (created by App)
    in ErrorBoundary (created by App)
    in App (created by withDevTools(App))
    in withDevTools(App)
    in RCTView (created by View)
    in View (created by AppContainer)
    in RCTView (created by View)
    in View (created by AppContainer)
    in AppContainer
    in main(RootComponent), js engine: hermes
 ERROR  App Error: [TypeError: Cannot read property 'medium' of undefined] {"componentStack": "
    in BottomTabItem (created by BottomTabBar)
    in RCTView (created by View)
    in View (created by BottomTabBar)
    in RCTView (created by View)
    in View
    in Unknown (created by BottomTabBar)
    in BottomTabBar (created by SafeAreaInsetsContext)
    in FrameSizeProvider (created by SafeAreaProviderCompat)
    in RCTView (created by View)
    in View (created by SafeAreaProviderCompat)
    in SafeAreaProviderCompat (created by BottomTabView)
    in BottomTabView (created by BottomTabNavigator)
    in PreventRemoveProvider (created by NavigationContent)
    in NavigationStateListenerProvider (created by NavigationContent)
    in NavigationContent
    in Unknown (created by BottomTabNavigator)
    in BottomTabNavigator (created by MainNavigator)
    in MainNavigator (created by SceneView)
    in StaticContainer
    in EnsureSingleNavigator (created by SceneView)
    in SceneView (created by StackNavigator)
    in RCTView (created by View)
    in View (created by CardContainerInner)
    in RCTView (created by View)
    in View (created by CardContainerInner)
    in RCTView (created by View)
    in View (created by CardContent)
    in CardContent (created by Card)
    in RCTView (created by View)
    in View
    in Unknown (created by PanGestureHandler)
    in PanGestureHandler (created by PanGestureHandler)
    in PanGestureHandler (created by Card)
    in RCTView (created by View)
    in View
    in Unknown (created by Card)
    in Card (created by CardContainerInner)
    in RCTView (created by View)
    in View (created by CardA11yWrapper)
    in CardA11yWrapper (created by CardContainerInner)
    in CardContainerInner (created by CardStack)
    in RNSScreen
    in Unknown (created by InnerScreen)
    in Suspender (created by Freeze)
    in Suspense (created by Freeze)
    in Freeze (created by DelayedFreeze)
    in DelayedFreeze (created by InnerScreen)
    in InnerScreen (created by Screen)
    in Screen (created by MaybeScreen)
    in MaybeScreen (created by CardStack)
    in RNSScreenContainer (created by ScreenContainer)
    in ScreenContainer (created by MaybeScreenContainer)
    in MaybeScreenContainer (created by CardStack)
    in RCTView (created by View)
    in View (created by CardStack)
    in CardStack (created by HeaderShownContext)
    in FrameSizeProviderInner (created by FrameSizeProvider)
    in FrameSizeProvider (created by SafeAreaProviderCompat)
    in RNCSafeAreaProvider (created by SafeAreaProvider)
    in SafeAreaProvider (created by SafeAreaProviderCompat)
    in SafeAreaProviderCompat (created by StackView)
    in RCTView (created by View)
    in View (created by GestureHandlerRootView)
    in GestureHandlerRootView (created by StackView)
    in StackView (created by StackNavigator)
    in PreventRemoveProvider (created by NavigationContent)
    in NavigationStateListenerProvider (created by NavigationContent)
    in NavigationContent
    in Unknown (created by StackNavigator)
    in StackNavigator (created by RootNavigator)
    in RootNavigator (created by AppNavigator)
    in ThemeProvider
    in EnsureSingleNavigator
    in BaseNavigationContainer
    in NavigationContainerInner (created by AppNavigator)
    in AppNavigator (created by App)
    in AuthProvider (created by App)
    in ErrorBoundary (created by App)
    in App (created by withDevTools(App))
    in withDevTools(App)
    in RCTView (created by View)
    in View (created by AppContainer)
    in RCTView (created by View)
    in View (created by AppContainer)
    in AppContainer
    in main(RootComponent)"} 
    at ErrorBoundary (http://192.168.1.105:8081/node_modules/expo/AppEntry.bundle//&platform=ios&dev=true&hot=false&lazy=true:129117:36)
    at App
    at withDevTools(App) (http://192.168.1.105:8081/node_modules/expo/AppEntry.bundle//&platform=ios&dev=true&hot=false&lazy=true:128738:27)
    at RCTView
    at View (http://192.168.1.105:8081/node_modules/expo/AppEntry.bundle//&platform=ios&dev=true&hot=false&lazy=true:62831:43)
    at RCTView
    at View (http://192.168.1.105:8081/node_modules/expo/AppEntry.bundle//&platform=ios&dev=true&hot=false&lazy=true:62831:43)
    at AppContainer (http://192.168.1.105:8081/node_modules/expo/AppEntry.bundle//&platform=ios&dev=true&hot=false&lazy=true:62672:36)
    at main(RootComponent) (http://192.168.1.105:8081/node_modules/expo/AppEntry.bundle//&platform=ios&dev=true&hot=false&lazy=true:108625:28)
 ERROR  TypeError: Cannot read property 'medium' of undefined

This error is located at:
    in BottomTabItem (created by BottomTabBar)
    in RCTView (created by View)
    in View (created by BottomTabBar)
    in RCTView (created by View)
    in View
    in Unknown (created by BottomTabBar)
    in BottomTabBar (created by SafeAreaInsetsContext)
    in FrameSizeProvider (created by SafeAreaProviderCompat)
    in RCTView (created by View)
    in View (created by SafeAreaProviderCompat)
    in SafeAreaProviderCompat (created by BottomTabView)
    in BottomTabView (created by BottomTabNavigator)
    in PreventRemoveProvider (created by NavigationContent)
    in NavigationStateListenerProvider (created by NavigationContent)
    in NavigationContent
    in Unknown (created by BottomTabNavigator)
    in BottomTabNavigator (created by MainNavigator)
    in MainNavigator (created by SceneView)
    in StaticContainer
    in EnsureSingleNavigator (created by SceneView)
    in SceneView (created by StackNavigator)
    in RCTView (created by View)
    in View (created by CardContainerInner)
    in RCTView (created by View)
    in View (created by CardContainerInner)
    in RCTView (created by View)
    in View (created by CardContent)
    in CardContent (created by Card)
    in RCTView (created by View)
    in View
    in Unknown (created by PanGestureHandler)
    in PanGestureHandler (created by PanGestureHandler)
    in PanGestureHandler (created by Card)
    in RCTView (created by View)
    in View
    in Unknown (created by Card)
    in Card (created by CardContainerInner)
    in RCTView (created by View)
    in View (created by CardA11yWrapper)
    in CardA11yWrapper (created by CardContainerInner)
    in CardContainerInner (created by CardStack)
    in RNSScreen
    in Unknown (created by InnerScreen)
    in Suspender (created by Freeze)
    in Suspense (created by Freeze)
    in Freeze (created by DelayedFreeze)
    in DelayedFreeze (created by InnerScreen)
    in InnerScreen (created by Screen)
    in Screen (created by MaybeScreen)
    in MaybeScreen (created by CardStack)
    in RNSScreenContainer (created by ScreenContainer)
    in ScreenContainer (created by MaybeScreenContainer)
    in MaybeScreenContainer (created by CardStack)
    in RCTView (created by View)
    in View (created by CardStack)
    in CardStack (created by HeaderShownContext)
    in FrameSizeProviderInner (created by FrameSizeProvider)
    in FrameSizeProvider (created by SafeAreaProviderCompat)
    in RNCSafeAreaProvider (created by SafeAreaProvider)
    in SafeAreaProvider (created by SafeAreaProviderCompat)
    in SafeAreaProviderCompat (created by StackView)
    in RCTView (created by View)
    in View (created by GestureHandlerRootView)
    in GestureHandlerRootView (created by StackView)
    in StackView (created by StackNavigator)
    in PreventRemoveProvider (created by NavigationContent)
    in NavigationStateListenerProvider (created by NavigationContent)
    in NavigationContent
    in Unknown (created by StackNavigator)
    in StackNavigator (created by RootNavigator)
    in RootNavigator (created by AppNavigator)
    in ThemeProvider
    in EnsureSingleNavigator
    in BaseNavigationContainer
    in NavigationContainerInner (created by AppNavigator)
    in AppNavigator (created by App)
    in AuthProvider (created by App)
    in ErrorBoundary (created by App)
    in App (created by withDevTools(App))
    in withDevTools(App)
    in RCTView (created by View)
    in View (created by AppContainer)
    in RCTView (created by View)
    in View (created by AppContainer)
    in AppContainer
    in main(RootComponent), js engine: hermes
 ERROR  App Error: [TypeError: Cannot read property 'medium' of undefined] {"componentStack": "
    in BottomTabItem (created by BottomTabBar)
    in RCTView (created by View)
    in View (created by BottomTabBar)
    in RCTView (created by View)
    in View
    in Unknown (created by BottomTabBar)
    in BottomTabBar (created by SafeAreaInsetsContext)
    in FrameSizeProvider (created by SafeAreaProviderCompat)
    in RCTView (created by View)
    in View (created by SafeAreaProviderCompat)
    in SafeAreaProviderCompat (created by BottomTabView)
    in BottomTabView (created by BottomTabNavigator)
    in PreventRemoveProvider (created by NavigationContent)
    in NavigationStateListenerProvider (created by NavigationContent)
    in NavigationContent
    in Unknown (created by BottomTabNavigator)
    in BottomTabNavigator (created by MainNavigator)
    in MainNavigator (created by SceneView)
    in StaticContainer
    in EnsureSingleNavigator (created by SceneView)
    in SceneView (created by StackNavigator)
    in RCTView (created by View)
    in View (created by CardContainerInner)
    in RCTView (created by View)
    in View (created by CardContainerInner)
    in RCTView (created by View)
    in View (created by CardContent)
    in CardContent (created by Card)
    in RCTView (created by View)
    in View
    in Unknown (created by PanGestureHandler)
    in PanGestureHandler (created by PanGestureHandler)
    in PanGestureHandler (created by Card)
    in RCTView (created by View)
    in View
    in Unknown (created by Card)
    in Card (created by CardContainerInner)
    in RCTView (created by View)
    in View (created by CardA11yWrapper)
    in CardA11yWrapper (created by CardContainerInner)
    in CardContainerInner (created by CardStack)
    in RNSScreen
    in Unknown (created by InnerScreen)
    in Suspender (created by Freeze)
    in Suspense (created by Freeze)
    in Freeze (created by DelayedFreeze)
    in DelayedFreeze (created by InnerScreen)
    in InnerScreen (created by Screen)
    in Screen (created by MaybeScreen)
    in MaybeScreen (created by CardStack)
    in RNSScreenContainer (created by ScreenContainer)
    in ScreenContainer (created by MaybeScreenContainer)
    in MaybeScreenContainer (created by CardStack)
    in RCTView (created by View)
    in View (created by CardStack)
    in CardStack (created by HeaderShownContext)
    in FrameSizeProviderInner (created by FrameSizeProvider)
    in FrameSizeProvider (created by SafeAreaProviderCompat)
    in RNCSafeAreaProvider (created by SafeAreaProvider)
    in SafeAreaProvider (created by SafeAreaProviderCompat)
    in SafeAreaProviderCompat (created by StackView)
    in RCTView (created by View)
    in View (created by GestureHandlerRootView)
    in GestureHandlerRootView (created by StackView)
    in StackView (created by StackNavigator)
    in PreventRemoveProvider (created by NavigationContent)
    in NavigationStateListenerProvider (created by NavigationContent)
    in NavigationContent
    in Unknown (created by StackNavigator)
    in StackNavigator (created by RootNavigator)
    in RootNavigator (created by AppNavigator)
    in ThemeProvider
    in EnsureSingleNavigator
    in BaseNavigationContainer
    in NavigationContainerInner (created by AppNavigator)
    in AppNavigator (created by App)
    in AuthProvider (created by App)
    in ErrorBoundary (created by App)
    in App (created by withDevTools(App))
    in withDevTools(App)
    in RCTView (created by View)
    in View (created by AppContainer)
    in RCTView (created by View)
    in View (created by AppContainer)
    in AppContainer
    in main(RootComponent)"} 
    at ErrorBoundary (http://192.168.1.105:8081/node_modules/expo/AppEntry.bundle//&platform=ios&dev=true&hot=false&lazy=true:129117:36)
    at App
    at withDevTools(App) (http://192.168.1.105:8081/node_modules/expo/AppEntry.bundle//&platform=ios&dev=true&hot=false&lazy=true:128738:27)
    at RCTView
    at View (http://192.168.1.105:8081/node_modules/expo/AppEntry.bundle//&platform=ios&dev=true&hot=false&lazy=true:62831:43)
    at RCTView
    at View (http://192.168.1.105:8081/node_modules/expo/AppEntry.bundle//&platform=ios&dev=true&hot=false&lazy=true:62831:43)
    at AppContainer (http://192.168.1.105:8081/node_modules/expo/AppEntry.bundle//&platform=ios&dev=true&hot=false&lazy=true:62672:36)
    at main(RootComponent) (http://192.168.1.105:8081/node_modules/expo/AppEntry.bundle//&platform=ios&dev=true&hot=false&lazy=true:108625:28)
iOS Bundling complete 71ms
 WARN  (ADVICE) View #123 of type ABI49_0_0RCTView has a shadow set but cannot calculate shadow efficiently. Consider setting a background color to fix this, or apply the shadow to a more specific component.
 WARN  (ADVICE) View #605 of type ABI49_0_0RCTView has a shadow set but cannot calculate shadow efficiently. Consider setting a background color to fix this, or apply the shadow to a more specific component.
 WARN  (ADVICE) View #987 of type ABI49_0_0RCTView has a shadow set but cannot calculate shadow efficiently. Consider setting a background color to fix this, or apply the shadow to a more specific component.
 WARN  Logout API call failed, but clearing local state: [ApiError: No data received from API]
 WARN  (ADVICE) View #1453 of type ABI49_0_0RCTView has a shadow set but cannot calculate shadow efficiently. Consider setting a background color to fix this, or apply the shadow to a more specific component.
 WARN  (ADVICE) View #2017 of type ABI49_0_0RCTView has a shadow set but cannot calculate shadow efficiently. Consider setting a background color to fix this, or apply the shadow to a more specific component.
iOS Bundling complete 54ms
 WARN  (ADVICE) View #99 of type ABI49_0_0RCTView has a shadow set but cannot calculate shadow efficiently. Consider setting a background color to fix this, or apply the shadow to a more specific component.
 WARN  Logout API call failed, but clearing local state: [ApiError: No data received from API]
 WARN  (ADVICE) View #723 of type ABI49_0_0RCTView has a shadow set but cannot calculate shadow efficiently. Consider setting a background color to fix this, or apply the shadow to a more specific component.
 WARN  (ADVICE) View #1287 of type ABI49_0_0RCTView has a shadow set but cannot calculate shadow efficiently. Consider setting a background color to fix this, or apply the shadow to a more specific component.
 WARN  (ADVICE) View #1485 of type ABI49_0_0RCTView has a shadow set but cannot calculate shadow efficiently. Consider setting a background color to fix this, or apply the shadow to a more specific component.
